nohup: ignoring input

> homelab-root@1.0.0 dev
> npx concurrently "npm run dev --prefix backend" "npm run dev --prefix frontend"

[0] 
[0] > backend@1.0.0 dev
[0] > node --watch server.js
[0] 
[1] 
[1] > frontend@0.0.0 dev
[1] > vite
[1] 
[1] 
[1]   VITE v8.0.8  ready in 1364 ms
[1] 
[1]   ➜  Local:   http://localhost:8080/
[1]   ➜  Network: http://192.168.137.2:8080/
[1]   ➜  Network: http://192.168.137.60:8080/
[1]   ➜  Network: http://100.92.80.43:8080/
[1]   ➜  Network: http://172.18.0.1:8080/
[1]   ➜  Network: http://172.20.0.1:8080/
[0] ◇ injected env (0) from .env // tip: ⌘ override existing { override: true }
[0] 🚀 HomaLab Dashboard corriendo en el puerto 3001
[0] [SQLite] Conectado a homelab.db
[0] 🔗 Cliente React conectado al Dashboard: uAJ4zyzknzIbZTOKAAAC
[0] npm run dev --prefix backend exited with code SIGHUP
[1] npm run dev --prefix frontend exited with code SIGHUP
